<?xml version="1.0" encoding="UTF-8"?>
<!-- Generated by org.testng.reporters.JUnitXMLReporter -->
<testsuite hostname="hp" ignored="0" name="Default test" tests="3" failures="0" timestamp="13 Jan 2018 06:50:09 GMT" time="0.099" errors="0">
  <testcase name="openbrowser" time="0.019" classname="com.com.depends.Dependent"/>
  <testcase name="signin" time="0.001" classname="com.com.depends.Dependent"/>
  <testcase name="logout" time="0.002" classname="com.com.depends.Dependent"/>
</testsuite> <!-- Default test -->
