<?xml version="1.0" encoding="UTF-8"?>
<testng-results skipped="0" failed="0" ignored="0" total="3" passed="3">
  <reporter-output>
  </reporter-output>
  <suite name="Default suite" duration-ms="99" started-at="2018-01-13T06:50:09Z" finished-at="2018-01-13T06:50:09Z">
    <groups>
    </groups>
    <test name="Default test" duration-ms="99" started-at="2018-01-13T06:50:09Z" finished-at="2018-01-13T06:50:09Z">
      <class name="com.com.depends.Dependent">
        <test-method status="PASS" signature="openbrowser()[pri:0, instance:com.com.depends.Dependent@5d5eef3d]" name="openbrowser" duration-ms="19" started-at="2018-01-13T12:20:09Z" finished-at="2018-01-13T12:20:09Z">
          <reporter-output>
          </reporter-output>
        </test-method> <!-- openbrowser -->
        <test-method status="PASS" signature="signin()[pri:0, instance:com.com.depends.Dependent@5d5eef3d]" name="signin" duration-ms="1" started-at="2018-01-13T12:20:09Z" depends-on-methods="com.com.depends.Dependent.openbrowser" finished-at="2018-01-13T12:20:09Z">
          <reporter-output>
          </reporter-output>
        </test-method> <!-- signin -->
        <test-method status="PASS" signature="logout()[pri:0, instance:com.com.depends.Dependent@5d5eef3d]" name="logout" duration-ms="2" started-at="2018-01-13T12:20:09Z" depends-on-methods="com.com.depends.Dependent.signin" finished-at="2018-01-13T12:20:09Z">
          <reporter-output>
          </reporter-output>
        </test-method> <!-- logout -->
      </class> <!-- com.com.depends.Dependent -->
    </test> <!-- Default test -->
  </suite> <!-- Default suite -->
</testng-results>
